proguard-project.txt
# These options are the minimal options for a functioning application
# using Proguard and the AWS SDK for Android

-keep class org.apache.commons.logging.**               { *; }
-keep class com.amazonaws.services.sqs.QueueUrlHandler  { *; }
-keep class com.amazonaws.javax.xml.transform.sax.*     { public *; }
-keep class com.amazonaws.javax.xml.stream.**           { *; }
-keep class com.amazonaws.services.**.model.*Exception* { *; }
-keep class org.codehaus.**                             { *; }
-keepattributes Signature,*Annotation*

-dontwarn javax.xml.stream.events.**
-dontwarn org.codehaus.jackson.**
-dontwarn org.apache.commons.logging.impl.**
-dontwarn org.apache.http.conn.scheme.**
-ignorewarnings