proguard/seeds.txt
com.amazonaws.demo.personalfilestore.AlertActivity: AlertActivity()
com.amazonaws.demo.personalfilestore.CustomListActivity: CustomListActivity()
com.amazonaws.demo.personalfilestore.Login
com.amazonaws.demo.personalfilestore.Login: Login()
com.amazonaws.demo.personalfilestore.R$drawable: int doc
com.amazonaws.demo.personalfilestore.R$drawable: int folder
com.amazonaws.demo.personalfilestore.R$drawable: int icon
com.amazonaws.demo.personalfilestore.R$id: int add_item
com.amazonaws.demo.personalfilestore.R$id: int cancel_button
com.amazonaws.demo.personalfilestore.R$id: int delete_item
com.amazonaws.demo.personalfilestore.R$id: int fb_main_file_titlelayout
com.amazonaws.demo.personalfilestore.R$id: int fb_main_list
com.amazonaws.demo.personalfilestore.R$id: int fb_single_image_button_return
com.amazonaws.demo.personalfilestore.R$id: int fb_single_image_button_select
com.amazonaws.demo.personalfilestore.R$id: int fb_single_image_view
com.amazonaws.demo.personalfilestore.R$id: int file_icon
com.amazonaws.demo.personalfilestore.R$id: int file_name
com.amazonaws.demo.personalfilestore.R$id: int item_list_loading_text
com.amazonaws.demo.personalfilestore.R$id: int item_list_view
com.amazonaws.demo.personalfilestore.R$id: int item_view_body_image
com.amazonaws.demo.personalfilestore.R$id: int item_view_body_text
com.amazonaws.demo.personalfilestore.R$id: int item_view_loading_text
com.amazonaws.demo.personalfilestore.R$id: int login_intro_text
com.amazonaws.demo.personalfilestore.R$id: int login_main_ok_button
com.amazonaws.demo.personalfilestore.R$id: int login_main_register_button
com.amazonaws.demo.personalfilestore.R$id: int login_password_header
com.amazonaws.demo.personalfilestore.R$id: int login_password_input_field
com.amazonaws.demo.personalfilestore.R$id: int login_username_header
com.amazonaws.demo.personalfilestore.R$id: int login_username_input_field
com.amazonaws.demo.personalfilestore.R$layout: int add_item_view
com.amazonaws.demo.personalfilestore.R$layout: int filebrowser_create
com.amazonaws.demo.personalfilestore.R$layout: int filebrowser_item
com.amazonaws.demo.personalfilestore.R$layout: int filebrowser_main
com.amazonaws.demo.personalfilestore.R$layout: int filebrowser_single_image
com.amazonaws.demo.personalfilestore.R$layout: int item_list
com.amazonaws.demo.personalfilestore.R$layout: int item_view
com.amazonaws.demo.personalfilestore.R$layout: int login_menu
com.amazonaws.demo.personalfilestore.R$layout: int main
com.amazonaws.demo.personalfilestore.R$layout: int row
com.amazonaws.demo.personalfilestore.R$layout: int row_left
com.amazonaws.demo.personalfilestore.R$string: int app_name
com.amazonaws.demo.personalfilestore.S3PersonalFileStore
com.amazonaws.demo.personalfilestore.S3PersonalFileStore: S3PersonalFileStore()
com.amazonaws.demo.personalfilestore.S3PersonalFileStoreApplication
com.amazonaws.demo.personalfilestore.S3PersonalFileStoreApplication: S3PersonalFileStoreApplication()
com.amazonaws.demo.personalfilestore.filebrowser.FileBrowserActivity
com.amazonaws.demo.personalfilestore.filebrowser.FileBrowserActivity: FileBrowserActivity()
com.amazonaws.demo.personalfilestore.filebrowser.FileSingleImageActivity
com.amazonaws.demo.personalfilestore.filebrowser.FileSingleImageActivity: FileSingleImageActivity()
com.amazonaws.demo.personalfilestore.s3.S3AddObjectView
com.amazonaws.demo.personalfilestore.s3.S3AddObjectView: S3AddObjectView()
com.amazonaws.demo.personalfilestore.s3.S3BucketView
com.amazonaws.demo.personalfilestore.s3.S3BucketView: S3BucketView()
com.amazonaws.demo.personalfilestore.s3.S3ObjectView
com.amazonaws.demo.personalfilestore.s3.S3ObjectView: S3ObjectView()
...
com.amazonaws.services.ec2.model.InstanceLifecycleType: com.amazonaws.services.ec2.model.InstanceLifecycleType[] values()
com.amazonaws.services.ec2.model.InstanceLifecycleType: com.amazonaws.services.ec2.model.InstanceLifecycleType valueOf(java.lang.String)
com.amazonaws.services.ec2.model.InstanceStateName: com.amazonaws.services.ec2.model.InstanceStateName[] values()
com.amazonaws.services.ec2.model.InstanceStateName: com.amazonaws.services.ec2.model.InstanceStateName valueOf(java.lang.String)
com.amazonaws.services.ec2.model.InstanceType: com.amazonaws.services.ec2.model.InstanceType[] values()
com.amazonaws.services.ec2.model.InstanceType: com.amazonaws.services.ec2.model.InstanceType valueOf(java.lang.String)
com.amazonaws.services.ec2.model.ListingState: com.amazonaws.services.ec2.model.ListingState[] values()
com.amazonaws.services.ec2.model.ListingState: com.amazonaws.services.ec2.model.ListingState valueOf(java.lang.String)
com.amazonaws.services.ec2.model.ListingStatus: com.amazonaws.services.ec2.model.ListingStatus[] values()
com.amazonaws.services.ec2.model.ListingStatus: com.amazonaws.services.ec2.model.ListingStatus valueOf(java.lang.String)
com.amazonaws.services.ec2.model.MonitoringState: com.amazonaws.services.ec2.model.MonitoringState[] values()
com.amazonaws.services.ec2.model.MonitoringState: com.amazonaws.services.ec2.model.MonitoringState valueOf(java.lang.String)
com.amazonaws.services.ec2.model.NetworkInterfaceStatus: com.amazonaws.services.ec2.model.NetworkInterfaceStatus[] values()
com.amazonaws.services.ec2.model.NetworkInterfaceStatus: com.amazonaws.services.ec2.model.NetworkInterfaceStatus valueOf(java.lang.String)
com.amazonaws.services.ec2.model.OfferingTypeValues: com.amazonaws.services.ec2.model.OfferingTypeValues[] values()
com.amazonaws.services.ec2.model.OfferingTypeValues: com.amazonaws.services.ec2.model.OfferingTypeValues valueOf(java.lang.String)
com.amazonaws.services.ec2.model.PermissionGroup: com.amazonaws.services.ec2.model.PermissionGroup[] values()
com.amazonaws.services.ec2.model.PermissionGroup: com.amazonaws.services.ec2.model.PermissionGroup valueOf(java.lang.String)
com.amazonaws.services.ec2.model.PlacementGroupState: com.amazonaws.services.ec2.model.PlacementGroupState[] values()
com.amazonaws.services.ec2.model.PlacementGroupState: com.amazonaws.services.ec2.model.PlacementGroupState valueOf(java.lang.String)
com.amazonaws.services.ec2.model.PlacementStrategy: com.amazonaws.services.ec2.model.PlacementStrategy[] values()
com.amazonaws.services.ec2.model.PlacementStrategy: com.amazonaws.services.ec2.model.PlacementStrategy valueOf(java.lang.String)
com.amazonaws.services.ec2.model.PlatformValues: com.amazonaws.services.ec2.model.PlatformValues[] values()
com.amazonaws.services.ec2.model.PlatformValues: com.amazonaws.services.ec2.model.PlatformValues valueOf(java.lang.String)
com.amazonaws.services.ec2.model.ProductCodeValues: com.amazonaws.services.ec2.model.ProductCodeValues[] values()
com.amazonaws.services.ec2.model.ProductCodeValues: com.amazonaws.services.ec2.model.ProductCodeValues valueOf(java.lang.String)
com.amazonaws.services.ec2.model.RIProductDescription: com.amazonaws.services.ec2.model.RIProductDescription[] values()
com.amazonaws.services.ec2.model.RIProductDescription: com.amazonaws.services.ec2.model.RIProductDescription valueOf(java.lang.String)
com.amazonaws.services.ec2.model.RecurringChargeFrequency: com.amazonaws.services.ec2.model.RecurringChargeFrequency[] values()
com.amazonaws.services.ec2.model.RecurringChargeFrequency: com.amazonaws.services.ec2.model.RecurringChargeFrequency valueOf(java.lang.String)
com.amazonaws.services.ec2.model.ReportInstanceReasonCodes: com.amazonaws.services.ec2.model.ReportInstanceReasonCodes[] values()
com.amazonaws.services.ec2.model.ReportInstanceReasonCodes: com.amazonaws.services.ec2.model.ReportInstanceReasonCodes valueOf(java.lang.String)