proguard/mapping.txt
com.amazonaws.demo.personalfilestore.AlertActivity -> com.amazonaws.demo.personalfilestore.a:
    org.apache.log4j.Logger log4j -> c
    java.lang.String errorTrace -> d
    android.os.Handler mHandler -> e
    java.lang.Runnable displayError -> a
    java.lang.Runnable refreshFailed -> b
    void onCreate(android.os.Bundle) -> onCreate
    void setStackTrace(java.lang.Throwable) -> a
    void setStackAndPost(java.lang.Throwable) -> b
    void putRefreshError() -> a
    java.lang.String access$0(com.amazonaws.demo.personalfilestore.AlertActivity) -> a
    org.apache.log4j.Logger access$1() -> b
com.amazonaws.demo.personalfilestore.AlertActivity$1 -> com.amazonaws.demo.personalfilestore.b:
    com.amazonaws.demo.personalfilestore.AlertActivity this$0 -> a
    void run() -> run
    com.amazonaws.demo.personalfilestore.AlertActivity access$0(com.amazonaws.demo.personalfilestore.AlertActivity$1) -> a
com.amazonaws.demo.personalfilestore.AlertActivity$1$1 -> com.amazonaws.demo.personalfilestore.c:
    com.amazonaws.demo.personalfilestore.AlertActivity$1 this$1 -> a
    void onClick(android.content.DialogInterface,int) -> onClick
com.amazonaws.demo.personalfilestore.AlertActivity$2 -> com.amazonaws.demo.personalfilestore.d:
    com.amazonaws.demo.personalfilestore.AlertActivity this$0 -> a
    void run() -> run
    com.amazonaws.demo.personalfilestore.AlertActivity access$0(com.amazonaws.demo.personalfilestore.AlertActivity$2) -> a
com.amazonaws.demo.personalfilestore.AlertActivity$2$1 -> com.amazonaws.demo.personalfilestore.e:
    com.amazonaws.demo.personalfilestore.AlertActivity$2 this$1 -> a
    void onClick(android.content.DialogInterface,int) -> onClick
com.amazonaws.demo.personalfilestore.AmazonClientManager -> com.amazonaws.demo.personalfilestore.f:
    org.apache.log4j.Logger log4j -> a
    com.amazonaws.services.s3.AmazonS3Client s3Client -> b
    android.content.SharedPreferences sharedPreferences -> c
    com.amazonaws.services.s3.AmazonS3Client s3() -> a
    boolean hasCredentials() -> b
    boolean isLoggedIn() -> c
    com.amazonaws.tvmclient.Response login(java.lang.String,java.lang.String) -> a
    com.amazonaws.tvmclient.Response validateCredentials() -> d
    java.lang.String getUsername() -> e
    void clearCredentials() -> f
    void wipe() -> g
com.amazonaws.demo.personalfilestore.CustomListActivity -> com.amazonaws.demo.personalfilestore.g:
    org.apache.log4j.Logger log4j -> i
    android.os.Handler mHandler -> c
    android.widget.ListView itemList -> d
    android.widget.TextView loadingText -> e
    android.widget.Button addText -> f
    android.widget.Button selectImage -> g
    android.widget.ArrayAdapter itemListAdapter -> h
    void onCreate(android.os.Bundle) -> onCreate
    void updateUi(java.util.List,java.lang.String) -> a
    void updateUi(java.util.List,java.lang.String,int) -> a
    void startPopulateList() -> c
    void obtainListItems() -> d
    android.os.Handler getHandler() -> e
    android.widget.ListView getItemList() -> f
    void wireOnListClick() -> g
    void wireOnClick() -> h
com.amazonaws.demo.personalfilestore.CustomListActivity$1 -> com.amazonaws.demo.personalfilestore.h:
    com.amazonaws.demo.personalfilestore.CustomListActivity this$0 -> a
    void run() -> run
com.amazonaws.demo.personalfilestore.Login -> com.amazonaws.demo.personalfilestore.Login:
    org.apache.log4j.Logger log4j -> j
    android.widget.Button okButton -> c
    android.widget.Button registerButton -> d
    android.widget.EditText username -> e
    android.widget.EditText password -> f
    android.widget.TextView introText -> g
    android.widget.TextView usernameHeader -> h
    android.widget.TextView passwordHeader -> i
    void onCreate(android.os.Bundle) -> onCreate
    void wireButtons() -> c
    void displayCredentialsIssueAndExit() -> d
    void displayErrorAndExit(com.amazonaws.tvmclient.Response) -> a
...
com.amazonaws.AbortedException -> com.amazonaws.a:
    boolean isRetryable() -> isRetryable
com.amazonaws.AmazonClientException -> com.amazonaws.b:
    long serialVersionUID -> serialVersionUID
    boolean isRetryable() -> isRetryable
com.amazonaws.AmazonServiceException -> com.amazonaws.c:
    long serialVersionUID -> serialVersionUID
    java.lang.String requestId -> requestId
    java.lang.String errorCode -> errorCode
    com.amazonaws.AmazonServiceException$ErrorType errorType -> errorType
    java.lang.String errorMessage -> errorMessage
    int statusCode -> statusCode
    java.lang.String serviceName -> serviceName
    void setRequestId(java.lang.String) -> setRequestId
    java.lang.String getRequestId() -> getRequestId
    void setServiceName(java.lang.String) -> setServiceName
    java.lang.String getServiceName() -> getServiceName
    void setErrorCode(java.lang.String) -> setErrorCode
    java.lang.String getErrorCode() -> getErrorCode
    void setErrorType(com.amazonaws.AmazonServiceException$ErrorType) -> setErrorType
    com.amazonaws.AmazonServiceException$ErrorType getErrorType() -> getErrorType
    java.lang.String getErrorMessage() -> getErrorMessage
    void setStatusCode(int) -> setStatusCode
    int getStatusCode() -> getStatusCode
    java.lang.String getMessage() -> getMessage
com.amazonaws.AmazonServiceException$ErrorType -> com.amazonaws.d:
    com.amazonaws.AmazonServiceException$ErrorType Client -> a
    com.amazonaws.AmazonServiceException$ErrorType Service -> b
    com.amazonaws.AmazonServiceException$ErrorType Unknown -> c
    com.amazonaws.AmazonServiceException$ErrorType[] $VALUES -> d
    com.amazonaws.AmazonServiceException$ErrorType[] values() -> values
    com.amazonaws.AmazonServiceException$ErrorType valueOf(java.lang.String) -> valueOf
com.amazonaws.AmazonWebServiceClient -> com.amazonaws.e:
    com.amazonaws.org.apache.commons.logging.Log log -> f
    java.net.URI endpoint -> a
    java.lang.String signerRegionOverride -> g
    com.amazonaws.ClientConfiguration clientConfiguration -> b
    com.amazonaws.http.AmazonHttpClient client -> c
    java.util.List requestHandler2s -> d
    int timeOffset -> e
    com.amazonaws.auth.Signer signer -> h
    java.lang.String serviceName -> i
    com.amazonaws.auth.Signer getSigner() -> a
    void setEndpoint(java.lang.String) -> a
    java.net.URI toURI(java.lang.String) -> b
    com.amazonaws.auth.Signer getSignerByURI(java.net.URI) -> a
    com.amazonaws.auth.Signer computeSignerByURI(java.net.URI,java.lang.String,boolean) -> a
    com.amazonaws.auth.Signer computeSignerByServiceRegion(java.lang.String,java.lang.String,java.lang.String,boolean) -> a
    void setRegion(com.amazonaws.regions.Region) -> a
    com.amazonaws.http.ExecutionContext createExecutionContext(com.amazonaws.AmazonWebServiceRequest) -> a
    boolean isProfilingEnabled() -> b
    boolean isRequestMetricsEnabled(com.amazonaws.AmazonWebServiceRequest) -> b
    boolean isRMCEnabledAtClientOrSdkLevel() -> g
    com.amazonaws.metrics.RequestMetricCollector getRequestMetricsCollector() -> c
    com.amazonaws.metrics.RequestMetricCollector requestMetricCollector() -> d
    com.amazonaws.metrics.RequestMetricCollector findRequestMetricCollector(com.amazonaws.Request) -> a