proguard/usage.txt
com.amazonaws.demo.personalfilestore.AmazonClientManager:
    private static final java.lang.String LOG_TAG
com.amazonaws.demo.personalfilestore.BuildConfig
com.amazonaws.demo.personalfilestore.CustomListActivity:
    private static final java.lang.String LOG_TAG
    public static final int LEFT
    public static final int CENTER
com.amazonaws.demo.personalfilestore.R
com.amazonaws.demo.personalfilestore.R$attr
com.amazonaws.demo.personalfilestore.R$drawable
com.amazonaws.demo.personalfilestore.R$id
com.amazonaws.demo.personalfilestore.R$layout
com.amazonaws.demo.personalfilestore.R$string
com.amazonaws.demo.personalfilestore.S3PersonalFileStore:
    private static final java.lang.String success
    private static final java.lang.String fail
com.amazonaws.demo.personalfilestore.S3PersonalFileStoreApplication:
    197:198:public void put(java.lang.String,java.lang.Object)
    211:211:public java.lang.Object get(java.lang.String)
com.amazonaws.demo.personalfilestore.filebrowser.Constants
com.amazonaws.demo.personalfilestore.filebrowser.FileInfo:
    44:44:public long getSize()
    64:64:public int getFileCount()
    69:70:public void setFileCount(int)
    74:74:public int getFolderCount()
    79:80:public void setFolderCount(int)
com.amazonaws.demo.personalfilestore.filebrowser.FileUtil:
    66:202:public static boolean downFile(java.lang.String,java.lang.String,java.lang.String,long)
    216:282:public static boolean copyFile(java.lang.String,java.lang.String)
    296:319:public static boolean deleteFile(java.io.File)
    332:340:public static boolean moveFile(java.lang.String,java.lang.String)
    352:372:public static java.lang.String formetFileSize(long)
    385:456:public static void compressPhoto(java.io.File,android.util.DisplayMetrics)
    547:560:private static int calculateInSampleSize(android.graphics.BitmapFactory$Options,int,int)
com.amazonaws.demo.personalfilestore.s3.S3:
    public static final java.lang.String BUCKET_NAME
    public static final java.lang.String OBJECT_NAME
    public static final java.lang.String PREFIX
    public static final java.lang.String TEMP_FILE_PRIFIX
com.amazonaws.demo.personalfilestore.s3.S3BucketView:
    private static final java.lang.String SUCCESS
    private static final int NUM_OBJECTS
com.amazonaws.demo.personalfilestore.s3.S3fortest
...
com.amazonaws.services.ec2.model.DescribeInstanceAttributeResult
com.amazonaws.services.ec2.model.DescribeInstanceStatusRequest
com.amazonaws.services.ec2.model.DescribeInstanceStatusResult
com.amazonaws.services.ec2.model.DescribeInstancesRequest
com.amazonaws.services.ec2.model.DescribeInstancesResult
com.amazonaws.services.ec2.model.DescribeInternetGatewaysRequest
com.amazonaws.services.ec2.model.DescribeInternetGatewaysResult
com.amazonaws.services.ec2.model.DescribeKeyPairsRequest
com.amazonaws.services.ec2.model.DescribeKeyPairsResult
com.amazonaws.services.ec2.model.DescribeNetworkAclsRequest
com.amazonaws.services.ec2.model.DescribeNetworkAclsResult
com.amazonaws.services.ec2.model.DescribeNetworkInterfaceAttributeRequest
com.amazonaws.services.ec2.model.DescribeNetworkInterfaceAttributeResult
com.amazonaws.services.ec2.model.DescribeNetworkInterfacesRequest
com.amazonaws.services.ec2.model.DescribeNetworkInterfacesResult
com.amazonaws.services.ec2.model.DescribePlacementGroupsRequest
com.amazonaws.services.ec2.model.DescribePlacementGroupsResult
com.amazonaws.services.ec2.model.DescribeRegionsRequest
com.amazonaws.services.ec2.model.DescribeRegionsResult
com.amazonaws.services.ec2.model.DescribeReservedInstancesListingsRequest
com.amazonaws.services.ec2.model.DescribeReservedInstancesListingsResult
com.amazonaws.services.ec2.model.DescribeReservedInstancesModificationsRequest
com.amazonaws.services.ec2.model.DescribeReservedInstancesModificationsResult
com.amazonaws.services.ec2.model.DescribeReservedInstancesOfferingsRequest
com.amazonaws.services.ec2.model.DescribeReservedInstancesOfferingsResult
com.amazonaws.services.ec2.model.DescribeReservedInstancesRequest
com.amazonaws.services.ec2.model.DescribeReservedInstancesResult
com.amazonaws.services.ec2.model.DescribeRouteTablesRequest
com.amazonaws.services.ec2.model.DescribeRouteTablesResult
com.amazonaws.services.ec2.model.DescribeSecurityGroupsRequest
com.amazonaws.services.ec2.model.DescribeSecurityGroupsResult
com.amazonaws.services.ec2.model.DescribeSnapshotAttributeRequest
com.amazonaws.services.ec2.model.DescribeSnapshotAttributeResult
com.amazonaws.services.ec2.model.DescribeSnapshotsRequest
com.amazonaws.services.ec2.model.DescribeSnapshotsResult
com.amazonaws.services.ec2.model.DescribeSpotDatafeedSubscriptionRequest
com.amazonaws.services.ec2.model.DescribeSpotDatafeedSubscriptionResult
com.amazonaws.services.ec2.model.DescribeSpotInstanceRequestsRequest
com.amazonaws.services.ec2.model.DescribeSpotInstanceRequestsResult
com.amazonaws.services.ec2.model.DescribeSpotPriceHistoryRequest
com.amazonaws.services.ec2.model.DescribeSpotPriceHistoryResult
com.amazonaws.services.ec2.model.DescribeSubnetsRequest
com.amazonaws.services.ec2.model.DescribeSubnetsResult
com.amazonaws.services.ec2.model.DescribeTagsRequest
com.amazonaws.services.ec2.model.DescribeTagsResult
com.amazonaws.services.ec2.model.DescribeVolumeAttributeRequest
com.amazonaws.services.ec2.model.DescribeVolumeAttributeResult
com.amazonaws.services.ec2.model.DescribeVolumeStatusRequest
com.amazonaws.services.ec2.model.DescribeVolumeStatusResult
com.amazonaws.services.ec2.model.DescribeVolumesRequest
com.amazonaws.services.ec2.model.DescribeVolumesResult
com.amazonaws.services.ec2.model.DescribeVpcAttributeRequest
com.amazonaws.services.ec2.model.DescribeVpcAttributeResult
com.amazonaws.services.ec2.model.DescribeVpcPeeringConnectionsRequest
com.amazonaws.services.ec2.model.DescribeVpcPeeringConnectionsResult
com.amazonaws.services.ec2.model.DescribeVpcsRequest
com.amazonaws.services.ec2.model.DescribeVpcsResult
com.amazonaws.services.ec2.model.DescribeVpnConnectionsRequest
com.amazonaws.services.ec2.model.DescribeVpnConnectionsResult
com.amazonaws.services.ec2.model.DescribeVpnGatewaysRequest
com.amazonaws.services.ec2.model.DescribeVpnGatewaysResult
com.amazonaws.services.ec2.model.DetachInternetGatewayRequest
com.amazonaws.services.ec2.model.DetachNetworkInterfaceRequest